<?xml version="1.0" encoding="UTF-8"?>
<!-- Generated by org.testng.reporters.JUnitReportReporter -->
<testsuite hostname="DESKTOP-2U0IG0R" failures="0" tests="14" name="TESTNG.testA" time="0.060" errors="0" timestamp="29 May 2019 00:22:24 GMT" skipped="0">
  <testcase classname="TESTNG.testA" name="testJ" time="0.022"/>
  <testcase classname="TESTNG.testA" name="testI" time="0.002"/>
  <testcase classname="TESTNG.testA" name="testH" time="0.003"/>
  <testcase classname="TESTNG.testA" name="testG" time="0.001"/>
  <testcase classname="TESTNG.testA" name="testF" time="0.002"/>
  <testcase classname="TESTNG.testA" name="testE" time="0.002"/>
  <testcase classname="TESTNG.testA" name="testD" time="0.002"/>
  <testcase classname="TESTNG.testA" name="testC" time="0.003"/>
  <testcase classname="TESTNG.testA" name="testC" time="0.002"/>
  <testcase classname="TESTNG.testA" name="testC" time="0.004"/>
  <testcase classname="TESTNG.testA" name="testC" time="0.007"/>
  <testcase classname="TESTNG.testA" name="testC" time="0.003"/>
  <testcase classname="TESTNG.testA" name="testB" time="0.004"/>
  <testcase classname="TESTNG.testA" name="testA" time="0.003"/>
</testsuite> <!-- TESTNG.testA -->
