<?xml version="1.0" encoding="UTF-8"?>
<!-- Generated by org.testng.reporters.JUnitReportReporter -->
<testsuite hostname="DESKTOP-2U0IG0R" failures="0" tests="3" name="TESTNG.testng" time="0.024" errors="0" timestamp="28 May 2019 23:09:10 GMT" skipped="0">
  <testcase classname="TESTNG.testng" name="test3" time="0.002"/>
  <testcase classname="TESTNG.testng" name="test" time="0.019"/>
  <testcase classname="TESTNG.testng" name="test2" time="0.003"/>
</testsuite> <!-- TESTNG.testng -->
